[2m2024-10-20T10:51:15.818484Z[0m [31mERROR[0m [2mglazewm[0m[2m:[0m keybindings[24].commands: unexpected argument found
 at line 237 column 15
[2m2024-10-20T10:51:24.221601Z[0m [31mERROR[0m [2mglazewm::common::commands::shell_exec[0m[2m:[0m [3merr_message[0m[2m=[0m"Failed to execute '/c wezterm'.\n\nError: Program path is not valid for command '/c wezterm'."
[2m2024-10-28T01:52:25.814283Z[0m [31mERROR[0m [2mglazewm::common::commands::shell_exec[0m[2m:[0m [3merr_message[0m[2m=[0m"Failed to execute 'zebar'.\n\nError: 操作已被用户取消。 (0x800704C7)"
[2m2024-10-29T02:18:33.068564Z[0m [31mERROR[0m [2mglazewm[0m[2m:[0m No common ancestor between containers.
[2m2024-10-29T02:18:34.806115Z[0m [31mERROR[0m [2mglazewm[0m[2m:[0m Parent does not have a tiling direction.
[2m2024-10-29T02:18:36.483339Z[0m [31mERROR[0m [2mglazewm[0m[2m:[0m Parent does not have a tiling direction.
[2m2024-10-29T02:18:37.036345Z[0m [31mERROR[0m [2mglazewm[0m[2m:[0m Parent does not have a tiling direction.
[2m2024-10-29T02:18:37.571874Z[0m [31mERROR[0m [2mglazewm[0m[2m:[0m Parent does not have a tiling direction.
[2m2024-10-29T02:18:38.084064Z[0m [31mERROR[0m [2mglazewm[0m[2m:[0m Parent does not have a tiling direction.
[2m2024-10-29T02:18:38.777123Z[0m [31mERROR[0m [2mglazewm[0m[2m:[0m Parent does not have a tiling direction.
[2m2024-10-29T02:18:39.589091Z[0m [31mERROR[0m [2mglazewm[0m[2m:[0m Parent does not have a tiling direction.
[2m2024-10-29T02:18:43.991233Z[0m [31mERROR[0m [2mglazewm[0m[2m:[0m Parent does not have a tiling direction.
[2m2024-10-29T02:18:48.738027Z[0m [31mERROR[0m [2mglazewm[0m[2m:[0m Parent does not have a tiling direction.
[2m2024-10-29T02:56:52.667155Z[0m [31mERROR[0m [2mglazewm[0m[2m:[0m No common ancestor between containers.
[2m2024-11-01T02:58:39.769006Z[0m [31mERROR[0m [2mglazewm[0m[2m:[0m keybindings[24].commands: unrecognized subcommand
 at line 237 column 15
[2m2024-11-04T12:19:49.351756Z[0m [31mERROR[0m [2mglazewm[0m[2m:[0m Another instance of the application is already running.
[2m2025-04-03T07:37:55.517253Z[0m [31mERROR[0m [2mglazewm[0m[2m:[0m No common ancestor between containers.
[2m2025-04-10T07:37:41.950214Z[0m [31mERROR[0m [2mglazewm[0m[2m:[0m 无效的窗口句柄。 (0x80070578)
[2m2025-04-10T07:37:43.875392Z[0m [31mERROR[0m [2mglazewm[0m[2m:[0m 无效的窗口句柄。 (0x80070578)
[2m2025-04-10T07:37:44.713787Z[0m [31mERROR[0m [2mglazewm[0m[2m:[0m 无效的窗口句柄。 (0x80070578)
[2m2025-04-10T07:37:45.237327Z[0m [31mERROR[0m [2mglazewm[0m[2m:[0m 无效的窗口句柄。 (0x80070578)
[2m2025-04-10T07:37:45.822827Z[0m [31mERROR[0m [2mglazewm[0m[2m:[0m 无效的窗口句柄。 (0x80070578)
[2m2025-04-10T07:37:46.395842Z[0m [31mERROR[0m [2mglazewm[0m[2m:[0m 无效的窗口句柄。 (0x80070578)
[2m2025-04-10T07:37:46.948493Z[0m [31mERROR[0m [2mglazewm[0m[2m:[0m 无效的窗口句柄。 (0x80070578)
[2m2025-04-10T07:37:49.455782Z[0m [31mERROR[0m [2mglazewm[0m[2m:[0m 无效的窗口句柄。 (0x80070578)
[2m2025-04-10T07:37:50.310902Z[0m [31mERROR[0m [2mglazewm[0m[2m:[0m 无效的窗口句柄。 (0x80070578)
[2m2025-04-14T09:23:06.958803Z[0m [31mERROR[0m [2mglazewm[0m[2m:[0m 无效的窗口句柄。 (0x80070578)
[2m2025-04-14T09:23:08.661437Z[0m [31mERROR[0m [2mglazewm[0m[2m:[0m 无效的窗口句柄。 (0x80070578)
[2m2025-04-14T09:23:09.325297Z[0m [31mERROR[0m [2mglazewm[0m[2m:[0m 无效的窗口句柄。 (0x80070578)
[2m2025-04-14T09:23:09.849682Z[0m [31mERROR[0m [2mglazewm[0m[2m:[0m 无效的窗口句柄。 (0x80070578)
[2m2025-04-14T09:23:10.548484Z[0m [31mERROR[0m [2mglazewm[0m[2m:[0m 无效的窗口句柄。 (0x80070578)
[2m2025-04-14T09:23:11.142361Z[0m [31mERROR[0m [2mglazewm[0m[2m:[0m 无效的窗口句柄。 (0x80070578)
[2m2025-04-14T09:23:11.711628Z[0m [31mERROR[0m [2mglazewm[0m[2m:[0m 无效的窗口句柄。 (0x80070578)
[2m2025-04-14T09:23:12.270978Z[0m [31mERROR[0m [2mglazewm[0m[2m:[0m 无效的窗口句柄。 (0x80070578)
[2m2025-04-14T09:23:12.766472Z[0m [31mERROR[0m [2mglazewm[0m[2m:[0m 无效的窗口句柄。 (0x80070578)
[2m2025-04-14T09:23:13.150733Z[0m [31mERROR[0m [2mglazewm[0m[2m:[0m 无效的窗口句柄。 (0x80070578)
[2m2025-04-14T09:23:13.554785Z[0m [31mERROR[0m [2mglazewm[0m[2m:[0m 无效的窗口句柄。 (0x80070578)
[2m2025-04-14T09:23:13.823752Z[0m [31mERROR[0m [2mglazewm[0m[2m:[0m 无效的窗口句柄。 (0x80070578)
[2m2025-04-14T09:23:14.176715Z[0m [31mERROR[0m [2mglazewm[0m[2m:[0m 无效的窗口句柄。 (0x80070578)
[2m2025-04-14T09:23:14.615731Z[0m [31mERROR[0m [2mglazewm[0m[2m:[0m 无效的窗口句柄。 (0x80070578)
[2m2025-04-14T09:23:14.882547Z[0m [31mERROR[0m [2mglazewm[0m[2m:[0m 无效的窗口句柄。 (0x80070578)
[2m2025-04-14T09:23:15.183855Z[0m [31mERROR[0m [2mglazewm[0m[2m:[0m 无效的窗口句柄。 (0x80070578)
[2m2025-04-14T09:23:15.604195Z[0m [31mERROR[0m [2mglazewm[0m[2m:[0m 无效的窗口句柄。 (0x80070578)
[2m2025-04-14T09:23:15.923441Z[0m [31mERROR[0m [2mglazewm[0m[2m:[0m 无效的窗口句柄。 (0x80070578)
[2m2025-04-14T09:23:16.148276Z[0m [31mERROR[0m [2mglazewm[0m[2m:[0m 无效的窗口句柄。 (0x80070578)
[2m2025-04-14T09:23:16.338579Z[0m [31mERROR[0m [2mglazewm[0m[2m:[0m 无效的窗口句柄。 (0x80070578)
[2m2025-04-14T09:23:16.505265Z[0m [31mERROR[0m [2mglazewm[0m[2m:[0m 无效的窗口句柄。 (0x80070578)
[2m2025-04-14T09:23:16.754031Z[0m [31mERROR[0m [2mglazewm[0m[2m:[0m 无效的窗口句柄。 (0x80070578)
[2m2025-04-14T09:23:16.987199Z[0m [31mERROR[0m [2mglazewm[0m[2m:[0m 无效的窗口句柄。 (0x80070578)
[2m2025-04-14T09:23:17.178854Z[0m [31mERROR[0m [2mglazewm[0m[2m:[0m 无效的窗口句柄。 (0x80070578)
[2m2025-04-14T09:23:17.495105Z[0m [31mERROR[0m [2mglazewm[0m[2m:[0m 无效的窗口句柄。 (0x80070578)
[2m2025-04-14T09:23:24.297472Z[0m [31mERROR[0m [2mglazewm[0m[2m:[0m 无效的窗口句柄。 (0x80070578)
[2m2025-04-14T09:23:26.688258Z[0m [31mERROR[0m [2mglazewm[0m[2m:[0m 无效的窗口句柄。 (0x80070578)
[2m2025-04-14T09:23:27.185798Z[0m [31mERROR[0m [2mglazewm[0m[2m:[0m 无效的窗口句柄。 (0x80070578)
[2m2025-04-14T09:23:27.342837Z[0m [31mERROR[0m [2mglazewm[0m[2m:[0m 无效的窗口句柄。 (0x80070578)
[2m2025-04-14T09:23:27.514167Z[0m [31mERROR[0m [2mglazewm[0m[2m:[0m 无效的窗口句柄。 (0x80070578)
[2m2025-04-14T09:23:27.678266Z[0m [31mERROR[0m [2mglazewm[0m[2m:[0m 无效的窗口句柄。 (0x80070578)
[2m2025-04-14T09:23:27.863797Z[0m [31mERROR[0m [2mglazewm[0m[2m:[0m 无效的窗口句柄。 (0x80070578)
[2m2025-04-14T09:23:28.026615Z[0m [31mERROR[0m [2mglazewm[0m[2m:[0m 无效的窗口句柄。 (0x80070578)
[2m2025-04-14T09:23:28.190434Z[0m [31mERROR[0m [2mglazewm[0m[2m:[0m 无效的窗口句柄。 (0x80070578)
[2m2025-04-14T09:23:28.348338Z[0m [31mERROR[0m [2mglazewm[0m[2m:[0m 无效的窗口句柄。 (0x80070578)
[2m2025-04-14T09:23:28.551690Z[0m [31mERROR[0m [2mglazewm[0m[2m:[0m 无效的窗口句柄。 (0x80070578)
[2m2025-04-14T09:23:28.681548Z[0m [31mERROR[0m [2mglazewm[0m[2m:[0m 无效的窗口句柄。 (0x80070578)
[2m2025-04-14T09:23:29.025285Z[0m [31mERROR[0m [2mglazewm[0m[2m:[0m 无效的窗口句柄。 (0x80070578)
[2m2025-04-16T05:43:28.038546Z[0m [31mERROR[0m [2mglazewm[0m[2m:[0m 无效的窗口句柄。 (0x80070578)
[2m2025-04-16T05:43:29.158705Z[0m [31mERROR[0m [2mglazewm[0m[2m:[0m 无效的窗口句柄。 (0x80070578)
[2m2025-04-16T05:43:29.827865Z[0m [31mERROR[0m [2mglazewm[0m[2m:[0m 无效的窗口句柄。 (0x80070578)
[2m2025-04-16T05:43:30.072814Z[0m [31mERROR[0m [2mglazewm[0m[2m:[0m 无效的窗口句柄。 (0x80070578)
[2m2025-04-16T05:43:30.279416Z[0m [31mERROR[0m [2mglazewm[0m[2m:[0m 无效的窗口句柄。 (0x80070578)
[2m2025-04-16T05:43:30.506692Z[0m [31mERROR[0m [2mglazewm[0m[2m:[0m 无效的窗口句柄。 (0x80070578)
[2m2025-04-16T05:43:30.676122Z[0m [31mERROR[0m [2mglazewm[0m[2m:[0m 无效的窗口句柄。 (0x80070578)
[2m2025-04-16T05:43:30.988456Z[0m [31mERROR[0m [2mglazewm[0m[2m:[0m 无效的窗口句柄。 (0x80070578)
[2m2025-04-16T05:43:31.199499Z[0m [31mERROR[0m [2mglazewm[0m[2m:[0m 无效的窗口句柄。 (0x80070578)
[2m2025-04-16T07:03:59.153070Z[0m [31mERROR[0m [2mglazewm[0m[2m:[0m 无效的窗口句柄。 (0x80070578)
[2m2025-04-16T07:04:00.350290Z[0m [31mERROR[0m [2mglazewm[0m[2m:[0m 无效的窗口句柄。 (0x80070578)
[2m2025-04-16T07:04:01.415973Z[0m [31mERROR[0m [2mglazewm[0m[2m:[0m 无效的窗口句柄。 (0x80070578)
[2m2025-04-16T07:04:02.414499Z[0m [31mERROR[0m [2mglazewm[0m[2m:[0m 无效的窗口句柄。 (0x80070578)
[2m2025-04-16T07:04:03.111534Z[0m [31mERROR[0m [2mglazewm[0m[2m:[0m 无效的窗口句柄。 (0x80070578)
[2m2025-04-16T07:04:03.635104Z[0m [31mERROR[0m [2mglazewm[0m[2m:[0m 无效的窗口句柄。 (0x80070578)
[2m2025-04-16T07:04:04.046347Z[0m [31mERROR[0m [2mglazewm[0m[2m:[0m 无效的窗口句柄。 (0x80070578)
[2m2025-04-16T07:04:04.427084Z[0m [31mERROR[0m [2mglazewm[0m[2m:[0m 无效的窗口句柄。 (0x80070578)
[2m2025-04-16T07:04:04.883744Z[0m [31mERROR[0m [2mglazewm[0m[2m:[0m 无效的窗口句柄。 (0x80070578)
[2m2025-04-16T07:04:05.297004Z[0m [31mERROR[0m [2mglazewm[0m[2m:[0m 无效的窗口句柄。 (0x80070578)
[2m2025-04-16T07:04:05.721139Z[0m [31mERROR[0m [2mglazewm[0m[2m:[0m 无效的窗口句柄。 (0x80070578)
[2m2025-04-16T14:59:16.753163Z[0m [31mERROR[0m [2mglazewm[0m[2m:[0m 无效的窗口句柄。 (0x80070578)
[2m2025-04-16T14:59:18.384038Z[0m [31mERROR[0m [2mglazewm[0m[2m:[0m 无效的窗口句柄。 (0x80070578)
[2m2025-04-16T14:59:19.025688Z[0m [31mERROR[0m [2mglazewm[0m[2m:[0m 无效的窗口句柄。 (0x80070578)
[2m2025-04-16T14:59:19.352543Z[0m [31mERROR[0m [2mglazewm[0m[2m:[0m 无效的窗口句柄。 (0x80070578)
[2m2025-04-16T14:59:19.467262Z[0m [31mERROR[0m [2mglazewm[0m[2m:[0m 无效的窗口句柄。 (0x80070578)
[2m2025-04-16T14:59:19.603887Z[0m [31mERROR[0m [2mglazewm[0m[2m:[0m 无效的窗口句柄。 (0x80070578)
[2m2025-04-16T14:59:19.737917Z[0m [31mERROR[0m [2mglazewm[0m[2m:[0m 无效的窗口句柄。 (0x80070578)
[2m2025-04-16T14:59:19.872558Z[0m [31mERROR[0m [2mglazewm[0m[2m:[0m 无效的窗口句柄。 (0x80070578)
[2m2025-04-16T14:59:20.002389Z[0m [31mERROR[0m [2mglazewm[0m[2m:[0m 无效的窗口句柄。 (0x80070578)
[2m2025-04-16T14:59:20.126015Z[0m [31mERROR[0m [2mglazewm[0m[2m:[0m 无效的窗口句柄。 (0x80070578)
[2m2025-04-16T14:59:20.587130Z[0m [31mERROR[0m [2mglazewm[0m[2m:[0m 无效的窗口句柄。 (0x80070578)
[2m2025-04-16T14:59:20.742199Z[0m [31mERROR[0m [2mglazewm[0m[2m:[0m 无效的窗口句柄。 (0x80070578)
[2m2025-04-16T14:59:20.882367Z[0m [31mERROR[0m [2mglazewm[0m[2m:[0m 无效的窗口句柄。 (0x80070578)
[2m2025-04-16T14:59:21.021315Z[0m [31mERROR[0m [2mglazewm[0m[2m:[0m 无效的窗口句柄。 (0x80070578)
[2m2025-04-16T14:59:21.153719Z[0m [31mERROR[0m [2mglazewm[0m[2m:[0m 无效的窗口句柄。 (0x80070578)
[2m2025-04-16T14:59:21.285881Z[0m [31mERROR[0m [2mglazewm[0m[2m:[0m 无效的窗口句柄。 (0x80070578)
[2m2025-04-18T03:49:48.119008Z[0m [31mERROR[0m [2mglazewm[0m[2m:[0m 无效的窗口句柄。 (0x80070578)
[2m2025-04-18T03:49:49.453194Z[0m [31mERROR[0m [2mglazewm[0m[2m:[0m 无效的窗口句柄。 (0x80070578)
[2m2025-04-18T03:49:50.278871Z[0m [31mERROR[0m [2mglazewm[0m[2m:[0m 无效的窗口句柄。 (0x80070578)
[2m2025-04-18T03:49:50.837081Z[0m [31mERROR[0m [2mglazewm[0m[2m:[0m 无效的窗口句柄。 (0x80070578)
[2m2025-04-21T01:24:01.224408Z[0m [31mERROR[0m [2mglazewm[0m[2m:[0m 无效的窗口句柄。 (0x80070578)
[2m2025-04-21T01:24:02.947911Z[0m [31mERROR[0m [2mglazewm[0m[2m:[0m 无效的窗口句柄。 (0x80070578)
[2m2025-04-21T01:24:03.525117Z[0m [31mERROR[0m [2mglazewm[0m[2m:[0m 无效的窗口句柄。 (0x80070578)
[2m2025-04-21T01:24:03.928464Z[0m [31mERROR[0m [2mglazewm[0m[2m:[0m 无效的窗口句柄。 (0x80070578)
[2m2025-04-21T01:24:04.277491Z[0m [31mERROR[0m [2mglazewm[0m[2m:[0m 无效的窗口句柄。 (0x80070578)
[2m2025-04-21T01:24:04.836837Z[0m [31mERROR[0m [2mglazewm[0m[2m:[0m 无效的窗口句柄。 (0x80070578)
[2m2025-04-21T01:24:05.381675Z[0m [31mERROR[0m [2mglazewm[0m[2m:[0m 无效的窗口句柄。 (0x80070578)
[2m2025-04-21T01:24:05.815869Z[0m [31mERROR[0m [2mglazewm[0m[2m:[0m 无效的窗口句柄。 (0x80070578)
[2m2025-04-21T01:24:06.243717Z[0m [31mERROR[0m [2mglazewm[0m[2m:[0m 无效的窗口句柄。 (0x80070578)
[2m2025-04-21T03:12:38.869776Z[0m [31mERROR[0m [2mglazewm[0m[2m:[0m 无效的窗口句柄。 (0x80070578)
[2m2025-04-21T03:12:40.660036Z[0m [31mERROR[0m [2mglazewm[0m[2m:[0m 无效的窗口句柄。 (0x80070578)
[2m2025-04-21T03:12:42.833935Z[0m [31mERROR[0m [2mglazewm[0m[2m:[0m 无效的窗口句柄。 (0x80070578)
[2m2025-04-21T03:12:43.297051Z[0m [31mERROR[0m [2mglazewm[0m[2m:[0m 无效的窗口句柄。 (0x80070578)
[2m2025-04-21T03:12:43.469651Z[0m [31mERROR[0m [2mglazewm[0m[2m:[0m 无效的窗口句柄。 (0x80070578)
[2m2025-04-21T03:12:43.614139Z[0m [31mERROR[0m [2mglazewm[0m[2m:[0m 无效的窗口句柄。 (0x80070578)
[2m2025-04-21T03:12:44.044439Z[0m [31mERROR[0m [2mglazewm[0m[2m:[0m 无效的窗口句柄。 (0x80070578)
[2m2025-04-21T03:12:44.372766Z[0m [31mERROR[0m [2mglazewm[0m[2m:[0m 无效的窗口句柄。 (0x80070578)
[2m2025-04-21T03:12:44.666367Z[0m [31mERROR[0m [2mglazewm[0m[2m:[0m 无效的窗口句柄。 (0x80070578)
[2m2025-04-21T03:12:44.941323Z[0m [31mERROR[0m [2mglazewm[0m[2m:[0m 无效的窗口句柄。 (0x80070578)
[2m2025-04-21T03:12:45.349829Z[0m [31mERROR[0m [2mglazewm[0m[2m:[0m 无效的窗口句柄。 (0x80070578)
[2m2025-04-21T03:12:45.689693Z[0m [31mERROR[0m [2mglazewm[0m[2m:[0m 无效的窗口句柄。 (0x80070578)
[2m2025-04-21T03:12:46.056034Z[0m [31mERROR[0m [2mglazewm[0m[2m:[0m 无效的窗口句柄。 (0x80070578)
[2m2025-04-21T03:12:46.348736Z[0m [31mERROR[0m [2mglazewm[0m[2m:[0m 无效的窗口句柄。 (0x80070578)
[2m2025-04-21T03:12:46.634832Z[0m [31mERROR[0m [2mglazewm[0m[2m:[0m 无效的窗口句柄。 (0x80070578)
[2m2025-04-21T03:12:47.041591Z[0m [31mERROR[0m [2mglazewm[0m[2m:[0m 无效的窗口句柄。 (0x80070578)
[2m2025-04-21T03:12:47.391480Z[0m [31mERROR[0m [2mglazewm[0m[2m:[0m 无效的窗口句柄。 (0x80070578)
[2m2025-04-21T03:12:47.672572Z[0m [31mERROR[0m [2mglazewm[0m[2m:[0m 无效的窗口句柄。 (0x80070578)
[2m2025-04-21T03:12:47.968957Z[0m [31mERROR[0m [2mglazewm[0m[2m:[0m 无效的窗口句柄。 (0x80070578)
[2m2025-04-21T03:12:48.316523Z[0m [31mERROR[0m [2mglazewm[0m[2m:[0m 无效的窗口句柄。 (0x80070578)
[2m2025-04-21T05:44:39.460771Z[0m [31mERROR[0m [2mglazewm[0m[2m:[0m 无效的窗口句柄。 (0x80070578)
[2m2025-04-21T05:44:41.720807Z[0m [31mERROR[0m [2mglazewm[0m[2m:[0m 无效的窗口句柄。 (0x80070578)
[2m2025-04-21T05:44:42.582729Z[0m [31mERROR[0m [2mglazewm[0m[2m:[0m 无效的窗口句柄。 (0x80070578)
[2m2025-04-21T05:44:42.900850Z[0m [31mERROR[0m [2mglazewm[0m[2m:[0m 无效的窗口句柄。 (0x80070578)
[2m2025-04-21T05:44:43.178796Z[0m [31mERROR[0m [2mglazewm[0m[2m:[0m 无效的窗口句柄。 (0x80070578)
[2m2025-04-21T05:44:43.493963Z[0m [31mERROR[0m [2mglazewm[0m[2m:[0m 无效的窗口句柄。 (0x80070578)
[2m2025-04-21T05:44:43.895464Z[0m [31mERROR[0m [2mglazewm[0m[2m:[0m 无效的窗口句柄。 (0x80070578)
[2m2025-04-21T05:44:44.151868Z[0m [31mERROR[0m [2mglazewm[0m[2m:[0m 无效的窗口句柄。 (0x80070578)
[2m2025-04-21T05:44:44.456849Z[0m [31mERROR[0m [2mglazewm[0m[2m:[0m 无效的窗口句柄。 (0x80070578)
[2m2025-04-21T05:59:56.192340Z[0m [31mERROR[0m [2mglazewm[0m[2m:[0m 无效的窗口句柄。 (0x80070578)
[2m2025-04-21T05:59:58.558478Z[0m [31mERROR[0m [2mglazewm[0m[2m:[0m 无效的窗口句柄。 (0x80070578)
[2m2025-04-21T05:59:59.188185Z[0m [31mERROR[0m [2mglazewm[0m[2m:[0m 无效的窗口句柄。 (0x80070578)
[2m2025-04-21T05:59:59.829325Z[0m [31mERROR[0m [2mglazewm[0m[2m:[0m 无效的窗口句柄。 (0x80070578)
[2m2025-04-21T06:00:00.309772Z[0m [31mERROR[0m [2mglazewm[0m[2m:[0m 无效的窗口句柄。 (0x80070578)
[2m2025-04-21T06:00:00.763098Z[0m [31mERROR[0m [2mglazewm[0m[2m:[0m 无效的窗口句柄。 (0x80070578)
[2m2025-04-21T06:00:01.126807Z[0m [31mERROR[0m [2mglazewm[0m[2m:[0m 无效的窗口句柄。 (0x80070578)
[2m2025-04-21T06:00:01.412956Z[0m [31mERROR[0m [2mglazewm[0m[2m:[0m 无效的窗口句柄。 (0x80070578)
[2m2025-04-21T06:00:01.694781Z[0m [31mERROR[0m [2mglazewm[0m[2m:[0m 无效的窗口句柄。 (0x80070578)
[2m2025-04-21T06:37:55.745339Z[0m [31mERROR[0m [2mglazewm[0m[2m:[0m 无效的窗口句柄。 (0x80070578)
[2m2025-04-21T06:37:57.752952Z[0m [31mERROR[0m [2mglazewm[0m[2m:[0m 无效的窗口句柄。 (0x80070578)
[2m2025-04-21T06:37:58.248635Z[0m [31mERROR[0m [2mglazewm[0m[2m:[0m 无效的窗口句柄。 (0x80070578)
[2m2025-04-21T06:37:58.751080Z[0m [31mERROR[0m [2mglazewm[0m[2m:[0m 无效的窗口句柄。 (0x80070578)
[2m2025-04-21T06:37:59.208289Z[0m [31mERROR[0m [2mglazewm[0m[2m:[0m 无效的窗口句柄。 (0x80070578)
[2m2025-04-21T06:37:59.662254Z[0m [31mERROR[0m [2mglazewm[0m[2m:[0m 无效的窗口句柄。 (0x80070578)
[2m2025-04-21T06:38:00.055314Z[0m [31mERROR[0m [2mglazewm[0m[2m:[0m 无效的窗口句柄。 (0x80070578)
[2m2025-04-21T06:38:00.463402Z[0m [31mERROR[0m [2mglazewm[0m[2m:[0m 无效的窗口句柄。 (0x80070578)
[2m2025-04-21T06:38:00.848756Z[0m [31mERROR[0m [2mglazewm[0m[2m:[0m 无效的窗口句柄。 (0x80070578)
[2m2025-04-21T06:38:01.252223Z[0m [31mERROR[0m [2mglazewm[0m[2m:[0m 无效的窗口句柄。 (0x80070578)
[2m2025-04-21T06:38:01.666908Z[0m [31mERROR[0m [2mglazewm[0m[2m:[0m 无效的窗口句柄。 (0x80070578)
[2m2025-04-21T06:38:02.045701Z[0m [31mERROR[0m [2mglazewm[0m[2m:[0m 无效的窗口句柄。 (0x80070578)
[2m2025-04-22T03:21:51.326379Z[0m [31mERROR[0m [2mglazewm[0m[2m:[0m 无效的窗口句柄。 (0x80070578)
[2m2025-04-22T03:21:53.790640Z[0m [31mERROR[0m [2mglazewm[0m[2m:[0m 无效的窗口句柄。 (0x80070578)
[2m2025-04-22T03:21:54.272724Z[0m [31mERROR[0m [2mglazewm[0m[2m:[0m 无效的窗口句柄。 (0x80070578)
[2m2025-04-22T03:21:54.804394Z[0m [31mERROR[0m [2mglazewm[0m[2m:[0m 无效的窗口句柄。 (0x80070578)
[2m2025-04-22T03:21:55.307504Z[0m [31mERROR[0m [2mglazewm[0m[2m:[0m 无效的窗口句柄。 (0x80070578)
[2m2025-04-22T03:21:55.802108Z[0m [31mERROR[0m [2mglazewm[0m[2m:[0m 无效的窗口句柄。 (0x80070578)
[2m2025-04-22T03:21:56.281204Z[0m [31mERROR[0m [2mglazewm[0m[2m:[0m 无效的窗口句柄。 (0x80070578)
[2m2025-04-22T03:21:56.767515Z[0m [31mERROR[0m [2mglazewm[0m[2m:[0m 无效的窗口句柄。 (0x80070578)
[2m2025-04-22T03:21:57.227459Z[0m [31mERROR[0m [2mglazewm[0m[2m:[0m 无效的窗口句柄。 (0x80070578)
[2m2025-04-22T03:21:57.642984Z[0m [31mERROR[0m [2mglazewm[0m[2m:[0m 无效的窗口句柄。 (0x80070578)
[2m2025-04-22T03:21:58.055759Z[0m [31mERROR[0m [2mglazewm[0m[2m:[0m 无效的窗口句柄。 (0x80070578)
[2m2025-04-22T09:18:47.960922Z[0m [31mERROR[0m [2mglazewm[0m[2m:[0m 无效的窗口句柄。 (0x80070578)
[2m2025-04-22T09:18:49.287376Z[0m [31mERROR[0m [2mglazewm[0m[2m:[0m 无效的窗口句柄。 (0x80070578)
[2m2025-04-22T09:18:50.349744Z[0m [31mERROR[0m [2mglazewm[0m[2m:[0m 无效的窗口句柄。 (0x80070578)
[2m2025-04-22T09:18:50.815112Z[0m [31mERROR[0m [2mglazewm[0m[2m:[0m 无效的窗口句柄。 (0x80070578)
[2m2025-04-22T09:18:51.025350Z[0m [31mERROR[0m [2mglazewm[0m[2m:[0m 无效的窗口句柄。 (0x80070578)
[2m2025-04-22T09:18:51.239841Z[0m [31mERROR[0m [2mglazewm[0m[2m:[0m 无效的窗口句柄。 (0x80070578)
[2m2025-04-22T09:18:51.881316Z[0m [31mERROR[0m [2mglazewm[0m[2m:[0m 无效的窗口句柄。 (0x80070578)
[2m2025-04-22T09:19:33.417916Z[0m [31mERROR[0m [2mglazewm[0m[2m:[0m 无效的窗口句柄。 (0x80070578)
[2m2025-04-22T09:19:34.908793Z[0m [31mERROR[0m [2mglazewm[0m[2m:[0m 无效的窗口句柄。 (0x80070578)
[2m2025-04-22T09:19:35.387403Z[0m [31mERROR[0m [2mglazewm[0m[2m:[0m 无效的窗口句柄。 (0x80070578)
[2m2025-04-22T09:19:35.632850Z[0m [31mERROR[0m [2mglazewm[0m[2m:[0m 无效的窗口句柄。 (0x80070578)
[2m2025-04-22T09:19:35.800849Z[0m [31mERROR[0m [2mglazewm[0m[2m:[0m 无效的窗口句柄。 (0x80070578)
[2m2025-04-22T09:19:36.071756Z[0m [31mERROR[0m [2mglazewm[0m[2m:[0m 无效的窗口句柄。 (0x80070578)
[2m2025-04-22T09:19:36.396840Z[0m [31mERROR[0m [2mglazewm[0m[2m:[0m 无效的窗口句柄。 (0x80070578)
[2m2025-04-22T09:19:38.031835Z[0m [31mERROR[0m [2mglazewm[0m[2m:[0m 无效的窗口句柄。 (0x80070578)
[2m2025-04-22T09:19:38.647040Z[0m [31mERROR[0m [2mglazewm[0m[2m:[0m 无效的窗口句柄。 (0x80070578)
[2m2025-04-22T09:19:39.222433Z[0m [31mERROR[0m [2mglazewm[0m[2m:[0m 无效的窗口句柄。 (0x80070578)
[2m2025-04-22T09:19:39.846167Z[0m [31mERROR[0m [2mglazewm[0m[2m:[0m 无效的窗口句柄。 (0x80070578)
[2m2025-04-22T09:19:40.354831Z[0m [31mERROR[0m [2mglazewm[0m[2m:[0m 无效的窗口句柄。 (0x80070578)
[2m2025-04-22T09:25:25.975497Z[0m [31mERROR[0m [2mglazewm[0m[2m:[0m 无效的窗口句柄。 (0x80070578)
[2m2025-04-22T09:25:27.611556Z[0m [31mERROR[0m [2mglazewm[0m[2m:[0m 无效的窗口句柄。 (0x80070578)
[2m2025-04-22T09:25:28.017188Z[0m [31mERROR[0m [2mglazewm[0m[2m:[0m 无效的窗口句柄。 (0x80070578)
[2m2025-04-22T09:25:28.255455Z[0m [31mERROR[0m [2mglazewm[0m[2m:[0m 无效的窗口句柄。 (0x80070578)
[2m2025-04-22T09:25:28.427898Z[0m [31mERROR[0m [2mglazewm[0m[2m:[0m 无效的窗口句柄。 (0x80070578)
[2m2025-04-22T09:25:28.983456Z[0m [31mERROR[0m [2mglazewm[0m[2m:[0m 无效的窗口句柄。 (0x80070578)
[2m2025-04-22T09:25:29.384808Z[0m [31mERROR[0m [2mglazewm[0m[2m:[0m 无效的窗口句柄。 (0x80070578)
[2m2025-04-22T09:25:29.768216Z[0m [31mERROR[0m [2mglazewm[0m[2m:[0m 无效的窗口句柄。 (0x80070578)
[2m2025-04-22T09:25:30.083927Z[0m [31mERROR[0m [2mglazewm[0m[2m:[0m 无效的窗口句柄。 (0x80070578)
[2m2025-04-22T09:25:30.377340Z[0m [31mERROR[0m [2mglazewm[0m[2m:[0m 无效的窗口句柄。 (0x80070578)
[2m2025-04-22T09:25:30.644839Z[0m [31mERROR[0m [2mglazewm[0m[2m:[0m 无效的窗口句柄。 (0x80070578)
[2m2025-04-25T02:16:59.791262Z[0m [31mERROR[0m [2mglazewm[0m[2m:[0m 无效的窗口句柄。 (0x80070578)
[2m2025-04-25T02:17:01.554785Z[0m [31mERROR[0m [2mglazewm[0m[2m:[0m 无效的窗口句柄。 (0x80070578)
[2m2025-04-25T02:17:01.999336Z[0m [31mERROR[0m [2mglazewm[0m[2m:[0m 无效的窗口句柄。 (0x80070578)
[2m2025-04-25T02:17:02.528982Z[0m [31mERROR[0m [2mglazewm[0m[2m:[0m 无效的窗口句柄。 (0x80070578)
[2m2025-04-25T02:17:03.066827Z[0m [31mERROR[0m [2mglazewm[0m[2m:[0m 无效的窗口句柄。 (0x80070578)
[2m2025-04-25T02:17:03.578040Z[0m [31mERROR[0m [2mglazewm[0m[2m:[0m 无效的窗口句柄。 (0x80070578)
[2m2025-04-25T02:17:04.055223Z[0m [31mERROR[0m [2mglazewm[0m[2m:[0m 无效的窗口句柄。 (0x80070578)
[2m2025-04-25T02:17:04.557569Z[0m [31mERROR[0m [2mglazewm[0m[2m:[0m 无效的窗口句柄。 (0x80070578)
[2m2025-04-25T02:17:05.062304Z[0m [31mERROR[0m [2mglazewm[0m[2m:[0m 无效的窗口句柄。 (0x80070578)
[2m2025-04-25T02:17:05.627798Z[0m [31mERROR[0m [2mglazewm[0m[2m:[0m 无效的窗口句柄。 (0x80070578)
[2m2025-04-25T02:17:06.312192Z[0m [31mERROR[0m [2mglazewm[0m[2m:[0m 无效的窗口句柄。 (0x80070578)
[2m2025-04-25T02:17:06.859325Z[0m [31mERROR[0m [2mglazewm[0m[2m:[0m 无效的窗口句柄。 (0x80070578)
[2m2025-04-25T02:17:07.359482Z[0m [31mERROR[0m [2mglazewm[0m[2m:[0m 无效的窗口句柄。 (0x80070578)
[2m2025-04-25T02:17:07.867351Z[0m [31mERROR[0m [2mglazewm[0m[2m:[0m 无效的窗口句柄。 (0x80070578)
[2m2025-04-25T02:17:08.489140Z[0m [31mERROR[0m [2mglazewm[0m[2m:[0m 无效的窗口句柄。 (0x80070578)
[2m2025-04-25T02:17:09.054267Z[0m [31mERROR[0m [2mglazewm[0m[2m:[0m 无效的窗口句柄。 (0x80070578)
[2m2025-04-25T02:17:09.573521Z[0m [31mERROR[0m [2mglazewm[0m[2m:[0m 无效的窗口句柄。 (0x80070578)
[2m2025-04-27T08:14:47.282355Z[0m [31mERROR[0m [2mglazewm[0m[2m:[0m 无效的窗口句柄。 (0x80070578)
[2m2025-04-27T08:14:48.906954Z[0m [31mERROR[0m [2mglazewm[0m[2m:[0m 无效的窗口句柄。 (0x80070578)
[2m2025-04-27T08:14:49.995255Z[0m [31mERROR[0m [2mglazewm[0m[2m:[0m 无效的窗口句柄。 (0x80070578)
[2m2025-04-27T08:14:50.638965Z[0m [31mERROR[0m [2mglazewm[0m[2m:[0m 无效的窗口句柄。 (0x80070578)
[2m2025-04-27T08:14:51.230739Z[0m [31mERROR[0m [2mglazewm[0m[2m:[0m 无效的窗口句柄。 (0x80070578)
[2m2025-04-27T08:14:51.829129Z[0m [31mERROR[0m [2mglazewm[0m[2m:[0m 无效的窗口句柄。 (0x80070578)
[2m2025-04-27T08:14:52.356217Z[0m [31mERROR[0m [2mglazewm[0m[2m:[0m 无效的窗口句柄。 (0x80070578)
[2m2025-04-27T08:14:52.893476Z[0m [31mERROR[0m [2mglazewm[0m[2m:[0m 无效的窗口句柄。 (0x80070578)
[2m2025-04-27T08:14:53.382850Z[0m [31mERROR[0m [2mglazewm[0m[2m:[0m 无效的窗口句柄。 (0x80070578)
[2m2025-04-27T08:14:53.814340Z[0m [31mERROR[0m [2mglazewm[0m[2m:[0m 无效的窗口句柄。 (0x80070578)
[2m2025-04-27T08:14:54.297326Z[0m [31mERROR[0m [2mglazewm[0m[2m:[0m 无效的窗口句柄。 (0x80070578)
[2m2025-04-27T08:14:54.781959Z[0m [31mERROR[0m [2mglazewm[0m[2m:[0m 无效的窗口句柄。 (0x80070578)
[2m2025-04-27T08:14:55.620694Z[0m [31mERROR[0m [2mglazewm[0m[2m:[0m 无效的窗口句柄。 (0x80070578)
[2m2025-04-27T08:14:56.241136Z[0m [31mERROR[0m [2mglazewm[0m[2m:[0m 无效的窗口句柄。 (0x80070578)
[2m2025-04-27T08:14:56.780332Z[0m [31mERROR[0m [2mglazewm[0m[2m:[0m 无效的窗口句柄。 (0x80070578)
[2m2025-04-28T03:51:43.695621Z[0m [31mERROR[0m [2mglazewm[0m[2m:[0m 无效的窗口句柄。 (0x80070578)
[2m2025-04-28T03:51:45.366242Z[0m [31mERROR[0m [2mglazewm[0m[2m:[0m 无效的窗口句柄。 (0x80070578)
[2m2025-04-28T03:51:46.510125Z[0m [31mERROR[0m [2mglazewm[0m[2m:[0m 无效的窗口句柄。 (0x80070578)
[2m2025-04-28T03:51:47.151526Z[0m [31mERROR[0m [2mglazewm[0m[2m:[0m 无效的窗口句柄。 (0x80070578)
[2m2025-04-28T03:51:47.607096Z[0m [31mERROR[0m [2mglazewm[0m[2m:[0m 无效的窗口句柄。 (0x80070578)
[2m2025-04-28T03:51:48.045680Z[0m [31mERROR[0m [2mglazewm[0m[2m:[0m 无效的窗口句柄。 (0x80070578)
[2m2025-04-28T03:51:48.447300Z[0m [31mERROR[0m [2mglazewm[0m[2m:[0m 无效的窗口句柄。 (0x80070578)
[2m2025-04-28T03:51:48.835111Z[0m [31mERROR[0m [2mglazewm[0m[2m:[0m 无效的窗口句柄。 (0x80070578)
[2m2025-04-28T03:51:49.231442Z[0m [31mERROR[0m [2mglazewm[0m[2m:[0m 无效的窗口句柄。 (0x80070578)
[2m2025-04-28T03:51:49.585547Z[0m [31mERROR[0m [2mglazewm[0m[2m:[0m 无效的窗口句柄。 (0x80070578)
[2m2025-04-28T03:51:49.969308Z[0m [31mERROR[0m [2mglazewm[0m[2m:[0m 无效的窗口句柄。 (0x80070578)
[2m2025-04-28T03:51:50.376397Z[0m [31mERROR[0m [2mglazewm[0m[2m:[0m 无效的窗口句柄。 (0x80070578)
[2m2025-04-28T03:51:50.762454Z[0m [31mERROR[0m [2mglazewm[0m[2m:[0m 无效的窗口句柄。 (0x80070578)
[2m2025-04-28T03:51:51.154487Z[0m [31mERROR[0m [2mglazewm[0m[2m:[0m 无效的窗口句柄。 (0x80070578)
[2m2025-04-28T03:51:51.563632Z[0m [31mERROR[0m [2mglazewm[0m[2m:[0m 无效的窗口句柄。 (0x80070578)
[2m2025-04-28T03:51:53.725961Z[0m [31mERROR[0m [2mglazewm[0m[2m:[0m 无效的窗口句柄。 (0x80070578)
[2m2025-04-28T03:51:54.235453Z[0m [31mERROR[0m [2mglazewm[0m[2m:[0m 无效的窗口句柄。 (0x80070578)
[2m2025-04-28T03:51:54.603880Z[0m [31mERROR[0m [2mglazewm[0m[2m:[0m 无效的窗口句柄。 (0x80070578)
[2m2025-04-28T03:51:54.773196Z[0m [31mERROR[0m [2mglazewm[0m[2m:[0m 无效的窗口句柄。 (0x80070578)
[2m2025-04-28T03:51:55.045853Z[0m [31mERROR[0m [2mglazewm[0m[2m:[0m 无效的窗口句柄。 (0x80070578)
[2m2025-04-28T03:51:55.183035Z[0m [31mERROR[0m [2mglazewm[0m[2m:[0m 无效的窗口句柄。 (0x80070578)
[2m2025-04-28T03:51:55.446984Z[0m [31mERROR[0m [2mglazewm[0m[2m:[0m 无效的窗口句柄。 (0x80070578)
[2m2025-04-30T14:43:52.625443Z[0m [31mERROR[0m [2mglazewm[0m[2m:[0m Another instance of the application is already running.
[2m2025-05-04T07:39:14.428916Z[0m [31mERROR[0m [2mglazewm[0m[2m:[0m 无效监视器句柄。 (0x800705B5)
[2m2025-05-07T09:52:23.536653Z[0m [31mERROR[0m [2mglazewm[0m[2m:[0m 无效的窗口句柄。 (0x80070578)
[2m2025-05-07T09:52:25.277191Z[0m [31mERROR[0m [2mglazewm[0m[2m:[0m 无效的窗口句柄。 (0x80070578)
[2m2025-05-07T09:52:26.516647Z[0m [31mERROR[0m [2mglazewm[0m[2m:[0m 无效的窗口句柄。 (0x80070578)
[2m2025-05-07T09:52:26.941859Z[0m [31mERROR[0m [2mglazewm[0m[2m:[0m 无效的窗口句柄。 (0x80070578)
[2m2025-05-07T09:52:27.103442Z[0m [31mERROR[0m [2mglazewm[0m[2m:[0m 无效的窗口句柄。 (0x80070578)
[2m2025-05-07T09:52:27.357326Z[0m [31mERROR[0m [2mglazewm[0m[2m:[0m 无效的窗口句柄。 (0x80070578)
[2m2025-05-07T09:52:27.609588Z[0m [31mERROR[0m [2mglazewm[0m[2m:[0m 无效的窗口句柄。 (0x80070578)
[2m2025-05-07T09:52:27.764097Z[0m [31mERROR[0m [2mglazewm[0m[2m:[0m 无效的窗口句柄。 (0x80070578)
[2m2025-05-07T09:52:27.905686Z[0m [31mERROR[0m [2mglazewm[0m[2m:[0m 无效的窗口句柄。 (0x80070578)
[2m2025-05-07T09:52:28.203455Z[0m [31mERROR[0m [2mglazewm[0m[2m:[0m 无效的窗口句柄。 (0x80070578)
[2m2025-05-07T09:52:28.415568Z[0m [31mERROR[0m [2mglazewm[0m[2m:[0m 无效的窗口句柄。 (0x80070578)
[2m2025-05-07T09:52:28.589522Z[0m [31mERROR[0m [2mglazewm[0m[2m:[0m 无效的窗口句柄。 (0x80070578)
[2m2025-05-16T02:33:11.150533Z[0m [31mERROR[0m [2mglazewm[0m[2m:[0m 无效的窗口句柄。 (0x80070578)
[2m2025-05-16T02:44:08.585187Z[0m [31mERROR[0m [2mglazewm[0m[2m:[0m 无效的窗口句柄。 (0x80070578)
[2m2025-05-16T02:44:10.499637Z[0m [31mERROR[0m [2mglazewm[0m[2m:[0m 无效的窗口句柄。 (0x80070578)
[2m2025-05-16T02:44:10.688106Z[0m [31mERROR[0m [2mglazewm[0m[2m:[0m 无效的窗口句柄。 (0x80070578)
[2m2025-05-16T02:44:11.012897Z[0m [31mERROR[0m [2mglazewm[0m[2m:[0m 无效的窗口句柄。 (0x80070578)
[2m2025-05-16T02:44:11.477708Z[0m [31mERROR[0m [2mglazewm[0m[2m:[0m 无效的窗口句柄。 (0x80070578)
[2m2025-05-16T02:44:11.757008Z[0m [31mERROR[0m [2mglazewm[0m[2m:[0m 无效的窗口句柄。 (0x80070578)
[2m2025-05-16T02:44:12.027112Z[0m [31mERROR[0m [2mglazewm[0m[2m:[0m 无效的窗口句柄。 (0x80070578)
[2m2025-05-16T02:44:12.345248Z[0m [31mERROR[0m [2mglazewm[0m[2m:[0m 无效的窗口句柄。 (0x80070578)
[2m2025-05-16T02:44:12.720146Z[0m [31mERROR[0m [2mglazewm[0m[2m:[0m 无效的窗口句柄。 (0x80070578)
[2m2025-05-16T02:44:12.916487Z[0m [31mERROR[0m [2mglazewm[0m[2m:[0m 无效的窗口句柄。 (0x80070578)
[2m2025-05-16T02:44:13.115930Z[0m [31mERROR[0m [2mglazewm[0m[2m:[0m 无效的窗口句柄。 (0x80070578)
[2m2025-05-16T02:44:13.469462Z[0m [31mERROR[0m [2mglazewm[0m[2m:[0m 无效的窗口句柄。 (0x80070578)
[2m2025-05-16T02:44:14.229883Z[0m [31mERROR[0m [2mglazewm[0m[2m:[0m 无效的窗口句柄。 (0x80070578)
[2m2025-05-20T07:16:00.713104Z[0m [31mERROR[0m [2mglazewm[0m[2m:[0m 无效的窗口句柄。 (0x80070578)
[2m2025-05-20T07:16:02.663457Z[0m [31mERROR[0m [2mglazewm[0m[2m:[0m 无效的窗口句柄。 (0x80070578)
[2m2025-05-20T07:16:03.455655Z[0m [31mERROR[0m [2mglazewm[0m[2m:[0m 无效的窗口句柄。 (0x80070578)
[2m2025-05-20T07:16:04.141176Z[0m [31mERROR[0m [2mglazewm[0m[2m:[0m 无效的窗口句柄。 (0x80070578)
[2m2025-05-20T07:16:04.740094Z[0m [31mERROR[0m [2mglazewm[0m[2m:[0m 无效的窗口句柄。 (0x80070578)
[2m2025-05-20T07:16:05.252958Z[0m [31mERROR[0m [2mglazewm[0m[2m:[0m 无效的窗口句柄。 (0x80070578)
[2m2025-05-20T07:16:05.722168Z[0m [31mERROR[0m [2mglazewm[0m[2m:[0m 无效的窗口句柄。 (0x80070578)
[2m2025-05-20T07:16:06.105703Z[0m [31mERROR[0m [2mglazewm[0m[2m:[0m 无效的窗口句柄。 (0x80070578)
[2m2025-05-20T07:16:06.441282Z[0m [31mERROR[0m [2mglazewm[0m[2m:[0m 无效的窗口句柄。 (0x80070578)
[2m2025-05-20T07:16:06.827116Z[0m [31mERROR[0m [2mglazewm[0m[2m:[0m 无效的窗口句柄。 (0x80070578)
[2m2025-05-20T07:16:07.199007Z[0m [31mERROR[0m [2mglazewm[0m[2m:[0m 无效的窗口句柄。 (0x80070578)
[2m2025-05-20T07:16:07.561700Z[0m [31mERROR[0m [2mglazewm[0m[2m:[0m 无效的窗口句柄。 (0x80070578)
[2m2025-05-20T07:16:07.924698Z[0m [31mERROR[0m [2mglazewm[0m[2m:[0m 无效的窗口句柄。 (0x80070578)
[2m2025-05-20T07:16:08.291376Z[0m [31mERROR[0m [2mglazewm[0m[2m:[0m 无效的窗口句柄。 (0x80070578)
[2m2025-05-20T07:16:08.673793Z[0m [31mERROR[0m [2mglazewm[0m[2m:[0m 无效的窗口句柄。 (0x80070578)
[2m2025-05-20T07:16:09.039614Z[0m [31mERROR[0m [2mglazewm[0m[2m:[0m 无效的窗口句柄。 (0x80070578)
[2m2025-05-20T07:16:09.389570Z[0m [31mERROR[0m [2mglazewm[0m[2m:[0m 无效的窗口句柄。 (0x80070578)
[2m2025-05-20T07:16:36.004559Z[0m [31mERROR[0m [2mglazewm[0m[2m:[0m 无效的窗口句柄。 (0x80070578)
[2m2025-05-20T07:16:37.831555Z[0m [31mERROR[0m [2mglazewm[0m[2m:[0m 无效的窗口句柄。 (0x80070578)
[2m2025-05-20T07:16:38.433279Z[0m [31mERROR[0m [2mglazewm[0m[2m:[0m 无效的窗口句柄。 (0x80070578)
[2m2025-05-20T07:16:38.674603Z[0m [31mERROR[0m [2mglazewm[0m[2m:[0m 无效的窗口句柄。 (0x80070578)
[2m2025-05-20T07:16:39.026618Z[0m [31mERROR[0m [2mglazewm[0m[2m:[0m 无效的窗口句柄。 (0x80070578)
[2m2025-05-20T07:16:39.549398Z[0m [31mERROR[0m [2mglazewm[0m[2m:[0m 无效的窗口句柄。 (0x80070578)
[2m2025-05-20T07:16:39.893714Z[0m [31mERROR[0m [2mglazewm[0m[2m:[0m 无效的窗口句柄。 (0x80070578)
[2m2025-05-20T07:16:41.102560Z[0m [31mERROR[0m [2mglazewm[0m[2m:[0m 无效的窗口句柄。 (0x80070578)
[2m2025-05-20T07:16:41.685349Z[0m [31mERROR[0m [2mglazewm[0m[2m:[0m 无效的窗口句柄。 (0x80070578)
[2m2025-05-20T07:16:42.105278Z[0m [31mERROR[0m [2mglazewm[0m[2m:[0m 无效的窗口句柄。 (0x80070578)
[2m2025-05-20T07:16:42.582788Z[0m [31mERROR[0m [2mglazewm[0m[2m:[0m 无效的窗口句柄。 (0x80070578)
[2m2025-05-20T07:16:42.991976Z[0m [31mERROR[0m [2mglazewm[0m[2m:[0m 无效的窗口句柄。 (0x80070578)
[2m2025-05-20T07:16:43.401625Z[0m [31mERROR[0m [2mglazewm[0m[2m:[0m 无效的窗口句柄。 (0x80070578)
[2m2025-05-20T07:16:43.658491Z[0m [31mERROR[0m [2mglazewm[0m[2m:[0m 无效的窗口句柄。 (0x80070578)
[2m2025-05-21T02:18:29.131481Z[0m [31mERROR[0m [2mglazewm[0m[2m:[0m 无效的窗口句柄。 (0x80070578)
[2m2025-05-21T02:18:30.959249Z[0m [31mERROR[0m [2mglazewm[0m[2m:[0m 无效的窗口句柄。 (0x80070578)
[2m2025-05-21T02:18:31.793855Z[0m [31mERROR[0m [2mglazewm[0m[2m:[0m 无效的窗口句柄。 (0x80070578)
[2m2025-05-21T02:18:32.138339Z[0m [31mERROR[0m [2mglazewm[0m[2m:[0m 无效的窗口句柄。 (0x80070578)
[2m2025-05-21T02:18:32.682028Z[0m [31mERROR[0m [2mglazewm[0m[2m:[0m 无效的窗口句柄。 (0x80070578)
[2m2025-05-21T02:18:32.905041Z[0m [31mERROR[0m [2mglazewm[0m[2m:[0m 无效的窗口句柄。 (0x80070578)
[2m2025-05-21T02:18:33.141806Z[0m [31mERROR[0m [2mglazewm[0m[2m:[0m 无效的窗口句柄。 (0x80070578)
[2m2025-05-21T02:18:46.074584Z[0m [31mERROR[0m [2mglazewm[0m[2m:[0m 无效的窗口句柄。 (0x80070578)
[2m2025-05-21T02:18:47.487158Z[0m [31mERROR[0m [2mglazewm[0m[2m:[0m 无效的窗口句柄。 (0x80070578)
[2m2025-05-21T02:18:47.939035Z[0m [31mERROR[0m [2mglazewm[0m[2m:[0m 无效的窗口句柄。 (0x80070578)
[2m2025-05-21T02:18:48.131502Z[0m [31mERROR[0m [2mglazewm[0m[2m:[0m 无效的窗口句柄。 (0x80070578)
[2m2025-05-21T02:18:48.258225Z[0m [31mERROR[0m [2mglazewm[0m[2m:[0m 无效的窗口句柄。 (0x80070578)
[2m2025-05-21T02:18:48.467601Z[0m [31mERROR[0m [2mglazewm[0m[2m:[0m 无效的窗口句柄。 (0x80070578)
[2m2025-05-21T02:18:48.819000Z[0m [31mERROR[0m [2mglazewm[0m[2m:[0m 无效的窗口句柄。 (0x80070578)
[2m2025-05-21T02:23:05.415910Z[0m [31mERROR[0m [2mglazewm[0m[2m:[0m 无效的窗口句柄。 (0x80070578)
[2m2025-05-21T02:23:07.300689Z[0m [31mERROR[0m [2mglazewm[0m[2m:[0m 无效的窗口句柄。 (0x80070578)
[2m2025-05-21T02:23:07.585297Z[0m [31mERROR[0m [2mglazewm[0m[2m:[0m 无效的窗口句柄。 (0x80070578)
[2m2025-05-21T02:23:08.122865Z[0m [31mERROR[0m [2mglazewm[0m[2m:[0m 无效的窗口句柄。 (0x80070578)
[2m2025-05-21T02:23:08.639091Z[0m [31mERROR[0m [2mglazewm[0m[2m:[0m 无效的窗口句柄。 (0x80070578)
[2m2025-05-21T02:23:09.159170Z[0m [31mERROR[0m [2mglazewm[0m[2m:[0m 无效的窗口句柄。 (0x80070578)
[2m2025-05-21T02:23:09.553487Z[0m [31mERROR[0m [2mglazewm[0m[2m:[0m 无效的窗口句柄。 (0x80070578)
[2m2025-05-21T02:23:09.929897Z[0m [31mERROR[0m [2mglazewm[0m[2m:[0m 无效的窗口句柄。 (0x80070578)
[2m2025-05-21T02:23:10.280649Z[0m [31mERROR[0m [2mglazewm[0m[2m:[0m 无效的窗口句柄。 (0x80070578)
[2m2025-05-21T02:23:10.690114Z[0m [31mERROR[0m [2mglazewm[0m[2m:[0m 无效的窗口句柄。 (0x80070578)
[2m2025-05-21T02:23:11.084565Z[0m [31mERROR[0m [2mglazewm[0m[2m:[0m 无效的窗口句柄。 (0x80070578)
[2m2025-05-21T02:23:17.327589Z[0m [31mERROR[0m [2mglazewm[0m[2m:[0m 无效的窗口句柄。 (0x80070578)
[2m2025-05-21T02:23:19.622695Z[0m [31mERROR[0m [2mglazewm[0m[2m:[0m 无效的窗口句柄。 (0x80070578)
[2m2025-05-21T02:23:20.029119Z[0m [31mERROR[0m [2mglazewm[0m[2m:[0m 无效的窗口句柄。 (0x80070578)
[2m2025-05-21T02:23:20.484195Z[0m [31mERROR[0m [2mglazewm[0m[2m:[0m 无效的窗口句柄。 (0x80070578)
[2m2025-05-21T02:23:20.845175Z[0m [31mERROR[0m [2mglazewm[0m[2m:[0m 无效的窗口句柄。 (0x80070578)
[2m2025-05-21T02:23:21.043203Z[0m [31mERROR[0m [2mglazewm[0m[2m:[0m 无效的窗口句柄。 (0x80070578)
[2m2025-05-21T02:23:21.300087Z[0m [31mERROR[0m [2mglazewm[0m[2m:[0m 无效的窗口句柄。 (0x80070578)
[2m2025-05-21T02:23:21.511206Z[0m [31mERROR[0m [2mglazewm[0m[2m:[0m 无效的窗口句柄。 (0x80070578)
[2m2025-05-21T02:23:21.839397Z[0m [31mERROR[0m [2mglazewm[0m[2m:[0m 无效的窗口句柄。 (0x80070578)
[2m2025-05-21T02:23:22.135030Z[0m [31mERROR[0m [2mglazewm[0m[2m:[0m 无效的窗口句柄。 (0x80070578)
[2m2025-05-21T02:23:22.538880Z[0m [31mERROR[0m [2mglazewm[0m[2m:[0m 无效的窗口句柄。 (0x80070578)
[2m2025-05-21T02:28:15.772738Z[0m [31mERROR[0m [2mglazewm[0m[2m:[0m 无效的窗口句柄。 (0x80070578)
[2m2025-05-21T02:28:17.520889Z[0m [31mERROR[0m [2mglazewm[0m[2m:[0m 无效的窗口句柄。 (0x80070578)
[2m2025-05-21T02:28:18.143632Z[0m [31mERROR[0m [2mglazewm[0m[2m:[0m 无效的窗口句柄。 (0x80070578)
[2m2025-05-21T02:28:18.704764Z[0m [31mERROR[0m [2mglazewm[0m[2m:[0m 无效的窗口句柄。 (0x80070578)
[2m2025-05-21T02:28:19.321803Z[0m [31mERROR[0m [2mglazewm[0m[2m:[0m 无效的窗口句柄。 (0x80070578)
[2m2025-05-21T02:28:19.813363Z[0m [31mERROR[0m [2mglazewm[0m[2m:[0m 无效的窗口句柄。 (0x80070578)
[2m2025-05-21T02:28:20.310420Z[0m [31mERROR[0m [2mglazewm[0m[2m:[0m 无效的窗口句柄。 (0x80070578)
[2m2025-05-21T02:28:20.777282Z[0m [31mERROR[0m [2mglazewm[0m[2m:[0m 无效的窗口句柄。 (0x80070578)
[2m2025-05-21T02:28:21.243949Z[0m [31mERROR[0m [2mglazewm[0m[2m:[0m 无效的窗口句柄。 (0x80070578)
[2m2025-05-21T02:28:21.739113Z[0m [31mERROR[0m [2mglazewm[0m[2m:[0m 无效的窗口句柄。 (0x80070578)
[2m2025-05-21T02:28:22.192932Z[0m [31mERROR[0m [2mglazewm[0m[2m:[0m 无效的窗口句柄。 (0x80070578)
[2m2025-05-21T02:28:22.609495Z[0m [31mERROR[0m [2mglazewm[0m[2m:[0m 无效的窗口句柄。 (0x80070578)
[2m2025-05-21T02:28:22.974333Z[0m [31mERROR[0m [2mglazewm[0m[2m:[0m 无效的窗口句柄。 (0x80070578)
[2m2025-05-21T02:28:23.323201Z[0m [31mERROR[0m [2mglazewm[0m[2m:[0m 无效的窗口句柄。 (0x80070578)
[2m2025-05-21T02:28:23.649003Z[0m [31mERROR[0m [2mglazewm[0m[2m:[0m 无效的窗口句柄。 (0x80070578)
[2m2025-05-22T02:36:14.053834Z[0m [31mERROR[0m [2mglazewm[0m[2m:[0m 无效的窗口句柄。 (0x80070578)
[2m2025-05-22T02:36:14.968106Z[0m [31mERROR[0m [2mglazewm[0m[2m:[0m 无效的窗口句柄。 (0x80070578)
[2m2025-05-22T02:36:15.623717Z[0m [31mERROR[0m [2mglazewm[0m[2m:[0m 无效的窗口句柄。 (0x80070578)
[2m2025-05-22T02:36:16.027721Z[0m [31mERROR[0m [2mglazewm[0m[2m:[0m 无效的窗口句柄。 (0x80070578)
[2m2025-05-22T02:36:16.394024Z[0m [31mERROR[0m [2mglazewm[0m[2m:[0m 无效的窗口句柄。 (0x80070578)
[2m2025-05-22T02:36:16.495980Z[0m [31mERROR[0m [2mglazewm[0m[2m:[0m 无效的窗口句柄。 (0x80070578)
[2m2025-05-22T02:36:16.991981Z[0m [31mERROR[0m [2mglazewm[0m[2m:[0m 无效的窗口句柄。 (0x80070578)
[2m2025-05-22T02:36:17.198482Z[0m [31mERROR[0m [2mglazewm[0m[2m:[0m 无效的窗口句柄。 (0x80070578)
[2m2025-05-22T02:36:17.474998Z[0m [31mERROR[0m [2mglazewm[0m[2m:[0m 无效的窗口句柄。 (0x80070578)
[2m2025-05-22T05:54:05.521490Z[0m [31mERROR[0m [2mglazewm[0m[2m:[0m 无效的窗口句柄。 (0x80070578)
[2m2025-05-22T05:54:07.501598Z[0m [31mERROR[0m [2mglazewm[0m[2m:[0m 无效的窗口句柄。 (0x80070578)
[2m2025-05-22T05:54:08.264918Z[0m [31mERROR[0m [2mglazewm[0m[2m:[0m 无效的窗口句柄。 (0x80070578)
[2m2025-05-22T05:54:08.811459Z[0m [31mERROR[0m [2mglazewm[0m[2m:[0m 无效的窗口句柄。 (0x80070578)
[2m2025-05-22T05:54:09.224694Z[0m [31mERROR[0m [2mglazewm[0m[2m:[0m 无效的窗口句柄。 (0x80070578)
[2m2025-05-22T05:54:09.685855Z[0m [31mERROR[0m [2mglazewm[0m[2m:[0m 无效的窗口句柄。 (0x80070578)
[2m2025-05-22T05:54:10.167616Z[0m [31mERROR[0m [2mglazewm[0m[2m:[0m 无效的窗口句柄。 (0x80070578)
[2m2025-05-22T05:54:10.847308Z[0m [31mERROR[0m [2mglazewm[0m[2m:[0m 无效的窗口句柄。 (0x80070578)
[2m2025-05-22T05:54:12.314292Z[0m [31mERROR[0m [2mglazewm[0m[2m:[0m 无效的窗口句柄。 (0x80070578)
[2m2025-05-22T05:54:12.833661Z[0m [31mERROR[0m [2mglazewm[0m[2m:[0m 无效的窗口句柄。 (0x80070578)
[2m2025-05-22T05:54:13.374899Z[0m [31mERROR[0m [2mglazewm[0m[2m:[0m 无效的窗口句柄。 (0x80070578)
[2m2025-05-22T05:54:13.895812Z[0m [31mERROR[0m [2mglazewm[0m[2m:[0m 无效的窗口句柄。 (0x80070578)
[2m2025-05-22T05:54:14.548769Z[0m [31mERROR[0m [2mglazewm[0m[2m:[0m 无效的窗口句柄。 (0x80070578)
[2m2025-05-22T05:54:14.960691Z[0m [31mERROR[0m [2mglazewm[0m[2m:[0m 无效的窗口句柄。 (0x80070578)
